Building DAG of jobs...
Using shell: /usr/bin/bash
Provided cluster nodes: 200
Job stats:
job                count
---------------  -------
Create_db_Genes        1
all                    1
total                  2

Select jobs to execute...

[Tue Mar  4 11:52:03 2025]
rule Create_db_Genes:
    input: /beegfs/project/horizon/PDV_Segments/Data/Segments/Microplitis_demolitor_segments.fa
    output: /beegfs/project/horizon/PDV_Segments/Results/Known_cases/Genes_db/Genes_Microplitis_demolitor
    jobid: 2
    reason: Missing output files: /beegfs/project/horizon/PDV_Segments/Results/Known_cases/Genes_db/Genes_Microplitis_demolitor
    wildcards: Species=Microplitis_demolitor
    resources: mem_mb=1000, mem_mib=954, disk_mb=1000, disk_mib=954, tmpdir=<TBD>

Submitted job 2 with external jobid 'Submitted batch job 1419184'.
[Tue Mar  4 11:52:57 2025]
Finished job 2.
1 of 2 steps (50%) done
Select jobs to execute...

[Tue Mar  4 11:52:58 2025]
localrule all:
    input: /beegfs/project/horizon/PDV_Segments/Results/Known_cases/Genes_db/Genes_Cotesia_congregata, /beegfs/project/horizon/PDV_Segments/Results/Known_cases/Genes_db/Genes_Microplitis_demolitor, /beegfs/project/horizon/PDV_Segments/Results/Known_cases/Genes_db/Genes_Hyposoter_didymator
    jobid: 0
    reason: Input files updated by another job: /beegfs/project/horizon/PDV_Segments/Results/Known_cases/Genes_db/Genes_Microplitis_demolitor
    resources: mem_mb=1000, mem_mib=954, disk_mb=1000, disk_mib=954, tmpdir=/tmp

[Tue Mar  4 11:52:58 2025]
Finished job 0.
2 of 2 steps (100%) done
Complete log: .snakemake/log/2025-03-04T115136.557576.snakemake.log
