Building DAG of jobs...
Using shell: /usr/bin/bash
Provided cluster nodes: 200
Job stats:
job             count
------------  -------
Alignement          8
HMM_profiles        8
HMM_search         10
all                 1
total              27

Select jobs to execute...

[Wed Feb 19 14:53:11 2025]
rule Alignement:
    input: /beegfs/project/horizon/PDV_Segments/Data/HIM/CMBV_HIM.fa
    output: /beegfs/project/horizon/PDV_Segments/Results/Known_cases/Alignement/Cotesia_Microplitis_HIM_alignement.sto
    jobid: 8
    reason: Missing output files: /beegfs/project/horizon/PDV_Segments/Results/Known_cases/Alignement/Cotesia_Microplitis_HIM_alignement.sto
    wildcards: Species=Cotesia_Microplitis, Motif=HIM
    resources: mem_mb=1000, mem_mib=954, disk_mb=1000, disk_mib=954, tmpdir=<TBD>

Submitted job 8 with external jobid 'Submitted batch job 1415528'.

[Wed Feb 19 14:53:11 2025]
rule Alignement:
    input: /beegfs/project/horizon/PDV_Segments/Data/DRJ/MdBV_DRJ.fa
    output: /beegfs/project/horizon/PDV_Segments/Results/Known_cases/Alignement/Microplitis_demolitor_DRJ_alignement.sto
    jobid: 2
    reason: Missing output files: /beegfs/project/horizon/PDV_Segments/Results/Known_cases/Alignement/Microplitis_demolitor_DRJ_alignement.sto
    wildcards: Species=Microplitis_demolitor, Motif=DRJ
    resources: mem_mb=1000, mem_mib=954, disk_mb=1000, disk_mib=954, tmpdir=<TBD>

Submitted job 2 with external jobid 'Submitted batch job 1415529'.

[Wed Feb 19 14:53:11 2025]
rule Alignement:
    input: /beegfs/project/horizon/PDV_Segments/Data/DRJ/HdIV_DRJ.fa
    output: /beegfs/project/horizon/PDV_Segments/Results/Known_cases/Alignement/Hyposoter_didymator_DRJ_alignement.sto
    jobid: 3
    reason: Missing output files: /beegfs/project/horizon/PDV_Segments/Results/Known_cases/Alignement/Hyposoter_didymator_DRJ_alignement.sto
    wildcards: Species=Hyposoter_didymator, Motif=DRJ
    resources: mem_mb=1000, mem_mib=954, disk_mb=1000, disk_mib=954, tmpdir=<TBD>

Submitted job 3 with external jobid 'Submitted batch job 1415530'.

[Wed Feb 19 14:53:11 2025]
rule Alignement:
    input: /beegfs/project/horizon/PDV_Segments/Data/HIM/CcBV_HIM.fa
    output: /beegfs/project/horizon/PDV_Segments/Results/Known_cases/Alignement/Cotesia_congregata_HIM_alignement.sto
    jobid: 5
    reason: Missing output files: /beegfs/project/horizon/PDV_Segments/Results/Known_cases/Alignement/Cotesia_congregata_HIM_alignement.sto
    wildcards: Species=Cotesia_congregata, Motif=HIM
    resources: mem_mb=1000, mem_mib=954, disk_mb=1000, disk_mib=954, tmpdir=<TBD>

Submitted job 5 with external jobid 'Submitted batch job 1415531'.

[Wed Feb 19 14:53:12 2025]
rule Alignement:
    input: /beegfs/project/horizon/PDV_Segments/Data/HIM/HdIV_HIM.fa
    output: /beegfs/project/horizon/PDV_Segments/Results/Known_cases/Alignement/Hyposoter_didymator_HIM_alignement.sto
    jobid: 7
    reason: Missing output files: /beegfs/project/horizon/PDV_Segments/Results/Known_cases/Alignement/Hyposoter_didymator_HIM_alignement.sto
    wildcards: Species=Hyposoter_didymator, Motif=HIM
    resources: mem_mb=1000, mem_mib=954, disk_mb=1000, disk_mib=954, tmpdir=<TBD>

Submitted job 7 with external jobid 'Submitted batch job 1415532'.

[Wed Feb 19 14:53:12 2025]
rule Alignement:
    input: /beegfs/project/horizon/PDV_Segments/Data/DRJ/CcBV_DRJ.fa
    output: /beegfs/project/horizon/PDV_Segments/Results/Known_cases/Alignement/Cotesia_congregata_DRJ_alignement.sto
    jobid: 1
    reason: Missing output files: /beegfs/project/horizon/PDV_Segments/Results/Known_cases/Alignement/Cotesia_congregata_DRJ_alignement.sto
    wildcards: Species=Cotesia_congregata, Motif=DRJ
    resources: mem_mb=1000, mem_mib=954, disk_mb=1000, disk_mib=954, tmpdir=<TBD>

Submitted job 1 with external jobid 'Submitted batch job 1415533'.

[Wed Feb 19 14:53:12 2025]
rule Alignement:
    input: /beegfs/project/horizon/PDV_Segments/Data/DRJ/CMBV_DRJ.fa
    output: /beegfs/project/horizon/PDV_Segments/Results/Known_cases/Alignement/Cotesia_Microplitis_DRJ_alignement.sto
    jobid: 4
    reason: Missing output files: /beegfs/project/horizon/PDV_Segments/Results/Known_cases/Alignement/Cotesia_Microplitis_DRJ_alignement.sto
    wildcards: Species=Cotesia_Microplitis, Motif=DRJ
    resources: mem_mb=1000, mem_mib=954, disk_mb=1000, disk_mib=954, tmpdir=<TBD>

Submitted job 4 with external jobid 'Submitted batch job 1415534'.

[Wed Feb 19 14:53:12 2025]
rule Alignement:
    input: /beegfs/project/horizon/PDV_Segments/Data/HIM/MdBV_HIM.fa
    output: /beegfs/project/horizon/PDV_Segments/Results/Known_cases/Alignement/Microplitis_demolitor_HIM_alignement.sto
    jobid: 6
    reason: Missing output files: /beegfs/project/horizon/PDV_Segments/Results/Known_cases/Alignement/Microplitis_demolitor_HIM_alignement.sto
    wildcards: Species=Microplitis_demolitor, Motif=HIM
    resources: mem_mb=1000, mem_mib=954, disk_mb=1000, disk_mib=954, tmpdir=<TBD>

Submitted job 6 with external jobid 'Submitted batch job 1415535'.
[Wed Feb 19 14:53:37 2025]
Finished job 8.
1 of 27 steps (4%) done
Select jobs to execute...

[Wed Feb 19 14:53:38 2025]
rule HMM_profiles:
    input: /beegfs/project/horizon/PDV_Segments/Results/Known_cases/Alignement/Cotesia_Microplitis_HIM_alignement.sto
    output: /beegfs/project/horizon/PDV_Segments/Results/Known_cases/Profile/Cotesia_Microplitis_HIM.hmm
    jobid: 16
    reason: Missing output files: /beegfs/project/horizon/PDV_Segments/Results/Known_cases/Profile/Cotesia_Microplitis_HIM.hmm; Input files updated by another job: /beegfs/project/horizon/PDV_Segments/Results/Known_cases/Alignement/Cotesia_Microplitis_HIM_alignement.sto
    wildcards: Species=Cotesia_Microplitis, Motif=HIM
    resources: mem_mb=1000, mem_mib=954, disk_mb=1000, disk_mib=954, tmpdir=<TBD>

Submitted job 16 with external jobid 'Submitted batch job 1415536'.
[Wed Feb 19 14:53:38 2025]
Finished job 2.
2 of 27 steps (7%) done
Select jobs to execute...

[Wed Feb 19 14:53:38 2025]
rule HMM_profiles:
    input: /beegfs/project/horizon/PDV_Segments/Results/Known_cases/Alignement/Microplitis_demolitor_DRJ_alignement.sto
    output: /beegfs/project/horizon/PDV_Segments/Results/Known_cases/Profile/Microplitis_demolitor_DRJ.hmm
    jobid: 10
    reason: Missing output files: /beegfs/project/horizon/PDV_Segments/Results/Known_cases/Profile/Microplitis_demolitor_DRJ.hmm; Input files updated by another job: /beegfs/project/horizon/PDV_Segments/Results/Known_cases/Alignement/Microplitis_demolitor_DRJ_alignement.sto
    wildcards: Species=Microplitis_demolitor, Motif=DRJ
    resources: mem_mb=1000, mem_mib=954, disk_mb=1000, disk_mib=954, tmpdir=<TBD>

Submitted job 10 with external jobid 'Submitted batch job 1415537'.
[Wed Feb 19 14:53:48 2025]
Finished job 5.
3 of 27 steps (11%) done
Select jobs to execute...

[Wed Feb 19 14:53:48 2025]
rule HMM_profiles:
    input: /beegfs/project/horizon/PDV_Segments/Results/Known_cases/Alignement/Cotesia_congregata_HIM_alignement.sto
    output: /beegfs/project/horizon/PDV_Segments/Results/Known_cases/Profile/Cotesia_congregata_HIM.hmm
    jobid: 13
    reason: Missing output files: /beegfs/project/horizon/PDV_Segments/Results/Known_cases/Profile/Cotesia_congregata_HIM.hmm; Input files updated by another job: /beegfs/project/horizon/PDV_Segments/Results/Known_cases/Alignement/Cotesia_congregata_HIM_alignement.sto
    wildcards: Species=Cotesia_congregata, Motif=HIM
    resources: mem_mb=1000, mem_mib=954, disk_mb=1000, disk_mib=954, tmpdir=<TBD>

Submitted job 13 with external jobid 'Submitted batch job 1415538'.
[Wed Feb 19 14:53:58 2025]
Finished job 3.
4 of 27 steps (15%) done
Select jobs to execute...

[Wed Feb 19 14:53:58 2025]
rule HMM_profiles:
    input: /beegfs/project/horizon/PDV_Segments/Results/Known_cases/Alignement/Hyposoter_didymator_DRJ_alignement.sto
    output: /beegfs/project/horizon/PDV_Segments/Results/Known_cases/Profile/Hyposoter_didymator_DRJ.hmm
    jobid: 11
    reason: Missing output files: /beegfs/project/horizon/PDV_Segments/Results/Known_cases/Profile/Hyposoter_didymator_DRJ.hmm; Input files updated by another job: /beegfs/project/horizon/PDV_Segments/Results/Known_cases/Alignement/Hyposoter_didymator_DRJ_alignement.sto
    wildcards: Species=Hyposoter_didymator, Motif=DRJ
    resources: mem_mb=1000, mem_mib=954, disk_mb=1000, disk_mib=954, tmpdir=<TBD>

Submitted job 11 with external jobid 'Submitted batch job 1415539'.
[Wed Feb 19 14:54:08 2025]
Finished job 7.
5 of 27 steps (19%) done
Select jobs to execute...

[Wed Feb 19 14:54:08 2025]
rule HMM_profiles:
    input: /beegfs/project/horizon/PDV_Segments/Results/Known_cases/Alignement/Hyposoter_didymator_HIM_alignement.sto
    output: /beegfs/project/horizon/PDV_Segments/Results/Known_cases/Profile/Hyposoter_didymator_HIM.hmm
    jobid: 15
    reason: Missing output files: /beegfs/project/horizon/PDV_Segments/Results/Known_cases/Profile/Hyposoter_didymator_HIM.hmm; Input files updated by another job: /beegfs/project/horizon/PDV_Segments/Results/Known_cases/Alignement/Hyposoter_didymator_HIM_alignement.sto
    wildcards: Species=Hyposoter_didymator, Motif=HIM
    resources: mem_mb=1000, mem_mib=954, disk_mb=1000, disk_mib=954, tmpdir=<TBD>

Submitted job 15 with external jobid 'Submitted batch job 1415540'.
[Wed Feb 19 14:54:18 2025]
Finished job 1.
6 of 27 steps (22%) done
Select jobs to execute...

[Wed Feb 19 14:54:18 2025]
rule HMM_profiles:
    input: /beegfs/project/horizon/PDV_Segments/Results/Known_cases/Alignement/Cotesia_congregata_DRJ_alignement.sto
    output: /beegfs/project/horizon/PDV_Segments/Results/Known_cases/Profile/Cotesia_congregata_DRJ.hmm
    jobid: 9
    reason: Missing output files: /beegfs/project/horizon/PDV_Segments/Results/Known_cases/Profile/Cotesia_congregata_DRJ.hmm; Input files updated by another job: /beegfs/project/horizon/PDV_Segments/Results/Known_cases/Alignement/Cotesia_congregata_DRJ_alignement.sto
    wildcards: Species=Cotesia_congregata, Motif=DRJ
    resources: mem_mb=1000, mem_mib=954, disk_mb=1000, disk_mib=954, tmpdir=<TBD>

Submitted job 9 with external jobid 'Submitted batch job 1415541'.
[Wed Feb 19 14:54:28 2025]
Finished job 4.
7 of 27 steps (26%) done
Select jobs to execute...

[Wed Feb 19 14:54:28 2025]
rule HMM_profiles:
    input: /beegfs/project/horizon/PDV_Segments/Results/Known_cases/Alignement/Cotesia_Microplitis_DRJ_alignement.sto
    output: /beegfs/project/horizon/PDV_Segments/Results/Known_cases/Profile/Cotesia_Microplitis_DRJ.hmm
    jobid: 12
    reason: Missing output files: /beegfs/project/horizon/PDV_Segments/Results/Known_cases/Profile/Cotesia_Microplitis_DRJ.hmm; Input files updated by another job: /beegfs/project/horizon/PDV_Segments/Results/Known_cases/Alignement/Cotesia_Microplitis_DRJ_alignement.sto
    wildcards: Species=Cotesia_Microplitis, Motif=DRJ
    resources: mem_mb=1000, mem_mib=954, disk_mb=1000, disk_mib=954, tmpdir=<TBD>

Submitted job 12 with external jobid 'Submitted batch job 1415542'.
[Wed Feb 19 14:54:38 2025]
Finished job 6.
8 of 27 steps (30%) done
Select jobs to execute...

[Wed Feb 19 14:54:38 2025]
rule HMM_profiles:
    input: /beegfs/project/horizon/PDV_Segments/Results/Known_cases/Alignement/Microplitis_demolitor_HIM_alignement.sto
    output: /beegfs/project/horizon/PDV_Segments/Results/Known_cases/Profile/Microplitis_demolitor_HIM.hmm
    jobid: 14
    reason: Missing output files: /beegfs/project/horizon/PDV_Segments/Results/Known_cases/Profile/Microplitis_demolitor_HIM.hmm; Input files updated by another job: /beegfs/project/horizon/PDV_Segments/Results/Known_cases/Alignement/Microplitis_demolitor_HIM_alignement.sto
    wildcards: Species=Microplitis_demolitor, Motif=HIM
    resources: mem_mb=1000, mem_mib=954, disk_mb=1000, disk_mib=954, tmpdir=<TBD>

Submitted job 14 with external jobid 'Submitted batch job 1415543'.
[Wed Feb 19 14:54:48 2025]
Error in rule HMM_profiles:
    jobid: 16
    input: /beegfs/project/horizon/PDV_Segments/Results/Known_cases/Alignement/Cotesia_Microplitis_HIM_alignement.sto
    output: /beegfs/project/horizon/PDV_Segments/Results/Known_cases/Profile/Cotesia_Microplitis_HIM.hmm
    shell:
        
                /beegfs/home/fblanchard/miniconda3/bin/hmmbuild --dna --cpu 4 /beegfs/project/horizon/PDV_Segments/Results/Known_cases/Profile/Cotesia_Microplitis_HIM.hmm /beegfs/project/horizon/PDV_Segments/Results/Known_cases/Alignement/Cotesia_Microplitis_HIM_alignement.sto
                
        (one of the commands exited with non-zero exit code; note that snakemake uses bash strict mode!)
    cluster_jobid: Submitted batch job 1415536

Error executing rule HMM_profiles on cluster (jobid: 16, external: Submitted batch job 1415536, jobscript: /beegfs/project/horizon/PDV_Segments/Scripts/Known_cases/.snakemake/tmp.tvl_g1om/snakejob.HMM_profiles.16.sh). For error details see the cluster log and the log files of the involved rule(s).
[Wed Feb 19 14:54:58 2025]
Finished job 10.
9 of 27 steps (33%) done
[Wed Feb 19 14:54:58 2025]
Finished job 13.
10 of 27 steps (37%) done
[Wed Feb 19 14:55:08 2025]
Finished job 11.
11 of 27 steps (41%) done
[Wed Feb 19 14:55:18 2025]
Finished job 15.
12 of 27 steps (44%) done
[Wed Feb 19 14:55:28 2025]
Finished job 9.
13 of 27 steps (48%) done
[Wed Feb 19 14:55:28 2025]
Finished job 12.
14 of 27 steps (52%) done
[Wed Feb 19 14:55:48 2025]
Error in rule HMM_profiles:
    jobid: 14
    input: /beegfs/project/horizon/PDV_Segments/Results/Known_cases/Alignement/Microplitis_demolitor_HIM_alignement.sto
    output: /beegfs/project/horizon/PDV_Segments/Results/Known_cases/Profile/Microplitis_demolitor_HIM.hmm
    shell:
        
                /beegfs/home/fblanchard/miniconda3/bin/hmmbuild --dna --cpu 4 /beegfs/project/horizon/PDV_Segments/Results/Known_cases/Profile/Microplitis_demolitor_HIM.hmm /beegfs/project/horizon/PDV_Segments/Results/Known_cases/Alignement/Microplitis_demolitor_HIM_alignement.sto
                
        (one of the commands exited with non-zero exit code; note that snakemake uses bash strict mode!)
    cluster_jobid: Submitted batch job 1415543

Error executing rule HMM_profiles on cluster (jobid: 14, external: Submitted batch job 1415543, jobscript: /beegfs/project/horizon/PDV_Segments/Scripts/Known_cases/.snakemake/tmp.tvl_g1om/snakejob.HMM_profiles.14.sh). For error details see the cluster log and the log files of the involved rule(s).
Shutting down, this might take some time.
Exiting because a job execution failed. Look above for error message
Complete log: .snakemake/log/2025-02-19T145257.210115.snakemake.log
