Building DAG of jobs...
Using shell: /usr/bin/bash
Provided cluster nodes: 200
Job stats:
job                count
---------------  -------
Create_db_Genes        4
all                    1
total                  5

Select jobs to execute...

[Fri Mar 28 11:22:26 2025]
rule Create_db_Genes:
    input: /beegfs/project/horizon/PDV_Segments/Data/Genes_Proteins/Clean_Data/Microplitis_demolitor.fa
    output: /beegfs/project/horizon/PDV_Segments/Results/Known_cases/Genes_db/Genes_Microplitis_demolitor
    jobid: 2
    reason: Missing output files: /beegfs/project/horizon/PDV_Segments/Results/Known_cases/Genes_db/Genes_Microplitis_demolitor; Set of input files has changed since last execution
    wildcards: Species=Microplitis_demolitor
    resources: mem_mb=1000, mem_mib=954, disk_mb=1000, disk_mib=954, tmpdir=<TBD>

Submitted job 2 with external jobid 'Submitted batch job 1450491'.

[Fri Mar 28 11:22:27 2025]
rule Create_db_Genes:
    input: /beegfs/project/horizon/PDV_Segments/Data/Genes_Proteins/Clean_Data/Cotesia_congregata.fa
    output: /beegfs/project/horizon/PDV_Segments/Results/Known_cases/Genes_db/Genes_Cotesia_congregata
    jobid: 1
    reason: Missing output files: /beegfs/project/horizon/PDV_Segments/Results/Known_cases/Genes_db/Genes_Cotesia_congregata; Set of input files has changed since last execution
    wildcards: Species=Cotesia_congregata
    resources: mem_mb=1000, mem_mib=954, disk_mb=1000, disk_mib=954, tmpdir=<TBD>

Submitted job 1 with external jobid 'Submitted batch job 1450492'.

[Fri Mar 28 11:22:27 2025]
rule Create_db_Genes:
    input: /beegfs/project/horizon/PDV_Segments/Data/Genes_Proteins/Clean_Data/Hyposoter_didymator.fa
    output: /beegfs/project/horizon/PDV_Segments/Results/Known_cases/Genes_db/Genes_Hyposoter_didymator
    jobid: 3
    reason: Missing output files: /beegfs/project/horizon/PDV_Segments/Results/Known_cases/Genes_db/Genes_Hyposoter_didymator; Set of input files has changed since last execution
    wildcards: Species=Hyposoter_didymator
    resources: mem_mb=1000, mem_mib=954, disk_mb=1000, disk_mib=954, tmpdir=<TBD>

Submitted job 3 with external jobid 'Submitted batch job 1450493'.

[Fri Mar 28 11:22:27 2025]
rule Create_db_Genes:
    input: /beegfs/project/horizon/PDV_Segments/Data/Genes_Proteins/Clean_Data/Cotesia_Microplitis.fa
    output: /beegfs/project/horizon/PDV_Segments/Results/Known_cases/Genes_db/Genes_Cotesia_Microplitis
    jobid: 4
    reason: Missing output files: /beegfs/project/horizon/PDV_Segments/Results/Known_cases/Genes_db/Genes_Cotesia_Microplitis; Set of input files has changed since last execution
    wildcards: Species=Cotesia_Microplitis
    resources: mem_mb=1000, mem_mib=954, disk_mb=1000, disk_mib=954, tmpdir=<TBD>

Submitted job 4 with external jobid 'Submitted batch job 1450494'.
[Fri Mar 28 11:26:22 2025]
Error in rule Create_db_Genes:
    jobid: 1
    input: /beegfs/project/horizon/PDV_Segments/Data/Genes_Proteins/Clean_Data/Cotesia_congregata.fa
    output: /beegfs/project/horizon/PDV_Segments/Results/Known_cases/Genes_db/Genes_Cotesia_congregata
    shell:
        
                /beegfs/project/horizon/bin/miniconda3/bin/mmseqs createdb /beegfs/project/horizon/PDV_Segments/Data/Genes_Proteins/Clean_Data/Cotesia_congregata.fa /beegfs/project/horizon/PDV_Segments/Results/Known_cases/Genes_db/Genes_Cotesia_congregata
                
        (one of the commands exited with non-zero exit code; note that snakemake uses bash strict mode!)
    cluster_jobid: Submitted batch job 1450492

Error executing rule Create_db_Genes on cluster (jobid: 1, external: Submitted batch job 1450492, jobscript: /beegfs/project/horizon/PDV_Segments/Scripts/Known_cases/.snakemake/tmp.o7nd3n85/snakejob.Create_db_Genes.1.sh). For error details see the cluster log and the log files of the involved rule(s).
[Fri Mar 28 11:26:22 2025]
Finished job 2.
1 of 5 steps (20%) done
[Fri Mar 28 11:26:22 2025]
Error in rule Create_db_Genes:
    jobid: 4
    input: /beegfs/project/horizon/PDV_Segments/Data/Genes_Proteins/Clean_Data/Cotesia_Microplitis.fa
    output: /beegfs/project/horizon/PDV_Segments/Results/Known_cases/Genes_db/Genes_Cotesia_Microplitis
    shell:
        
                /beegfs/project/horizon/bin/miniconda3/bin/mmseqs createdb /beegfs/project/horizon/PDV_Segments/Data/Genes_Proteins/Clean_Data/Cotesia_Microplitis.fa /beegfs/project/horizon/PDV_Segments/Results/Known_cases/Genes_db/Genes_Cotesia_Microplitis
                
        (one of the commands exited with non-zero exit code; note that snakemake uses bash strict mode!)
    cluster_jobid: Submitted batch job 1450494

Error executing rule Create_db_Genes on cluster (jobid: 4, external: Submitted batch job 1450494, jobscript: /beegfs/project/horizon/PDV_Segments/Scripts/Known_cases/.snakemake/tmp.o7nd3n85/snakejob.Create_db_Genes.4.sh). For error details see the cluster log and the log files of the involved rule(s).
[Fri Mar 28 11:26:23 2025]
Finished job 3.
2 of 5 steps (40%) done
Shutting down, this might take some time.
Exiting because a job execution failed. Look above for error message
Complete log: .snakemake/log/2025-03-28T112216.881584.snakemake.log
