Building DAG of jobs...
Using shell: /usr/bin/bash
Provided cluster nodes: 200
Job stats:
job                 count
----------------  -------
Create_db_Genome        3
all                     1
total                   4

Select jobs to execute...

[Tue Mar  4 11:57:03 2025]
rule Create_db_Genome:
    input: /beegfs/project/horizon/PDV_Segments/Data/Genomes/Cotesia_congregata.fa
    output: /beegfs/project/horizon/PDV_Segments/Results/Known_cases/Genome_db/Cotesia_congregata_mmseqs2_db
    jobid: 4
    reason: Missing output files: /beegfs/project/horizon/PDV_Segments/Results/Known_cases/Genome_db/Cotesia_congregata_mmseqs2_db
    wildcards: Species=Cotesia_congregata
    resources: mem_mb=1000, mem_mib=954, disk_mb=1000, disk_mib=954, tmpdir=<TBD>

Submitted job 4 with external jobid 'Submitted batch job 1419185'.

[Tue Mar  4 11:57:03 2025]
rule Create_db_Genome:
    input: /beegfs/project/horizon/PDV_Segments/Data/Genomes/Microplitis_demolitor.fa
    output: /beegfs/project/horizon/PDV_Segments/Results/Known_cases/Genome_db/Microplitis_demolitor_mmseqs2_db
    jobid: 5
    reason: Missing output files: /beegfs/project/horizon/PDV_Segments/Results/Known_cases/Genome_db/Microplitis_demolitor_mmseqs2_db
    wildcards: Species=Microplitis_demolitor
    resources: mem_mb=1000, mem_mib=954, disk_mb=1000, disk_mib=954, tmpdir=<TBD>

Submitted job 5 with external jobid 'Submitted batch job 1419186'.

[Tue Mar  4 11:57:03 2025]
rule Create_db_Genome:
    input: /beegfs/project/horizon/PDV_Segments/Data/Genomes/Hyposoter_didymator.fa
    output: /beegfs/project/horizon/PDV_Segments/Results/Known_cases/Genome_db/Hyposoter_didymator_mmseqs2_db
    jobid: 6
    reason: Missing output files: /beegfs/project/horizon/PDV_Segments/Results/Known_cases/Genome_db/Hyposoter_didymator_mmseqs2_db
    wildcards: Species=Hyposoter_didymator
    resources: mem_mb=1000, mem_mib=954, disk_mb=1000, disk_mib=954, tmpdir=<TBD>

Submitted job 6 with external jobid 'Submitted batch job 1419187'.
[Tue Mar  4 11:58:16 2025]
Finished job 4.
1 of 4 steps (25%) done
[Tue Mar  4 11:58:16 2025]
Finished job 5.
2 of 4 steps (50%) done
[Tue Mar  4 11:58:16 2025]
Finished job 6.
3 of 4 steps (75%) done
Select jobs to execute...

[Tue Mar  4 11:58:16 2025]
localrule all:
    input: /beegfs/project/horizon/PDV_Segments/Results/Known_cases/Genes_db/Genes_Cotesia_congregata, /beegfs/project/horizon/PDV_Segments/Results/Known_cases/Genes_db/Genes_Microplitis_demolitor, /beegfs/project/horizon/PDV_Segments/Results/Known_cases/Genes_db/Genes_Hyposoter_didymator, /beegfs/project/horizon/PDV_Segments/Results/Known_cases/Genome_db/Cotesia_congregata_mmseqs2_db, /beegfs/project/horizon/PDV_Segments/Results/Known_cases/Genome_db/Microplitis_demolitor_mmseqs2_db, /beegfs/project/horizon/PDV_Segments/Results/Known_cases/Genome_db/Hyposoter_didymator_mmseqs2_db
    jobid: 0
    reason: Input files updated by another job: /beegfs/project/horizon/PDV_Segments/Results/Known_cases/Genome_db/Microplitis_demolitor_mmseqs2_db, /beegfs/project/horizon/PDV_Segments/Results/Known_cases/Genome_db/Cotesia_congregata_mmseqs2_db, /beegfs/project/horizon/PDV_Segments/Results/Known_cases/Genome_db/Hyposoter_didymator_mmseqs2_db
    resources: mem_mb=1245, mem_mib=1188, disk_mb=1245, disk_mib=1188, tmpdir=/tmp

[Tue Mar  4 11:58:17 2025]
Finished job 0.
4 of 4 steps (100%) done
Complete log: .snakemake/log/2025-03-04T115635.772929.snakemake.log
